[www.smoothiediet.online/join.html]
[backblue.gif]
[fade.gif]
[index.html]
[w.ladicdn.com/v2/source/ladipage.min0678.js]
[w.ladicdn.com/s1000x500/5ce755949a12643929b1b5f9/3112-20191104020741.png]
[w.ladicdn.com/s1000x700/5ce755949a12643929b1b5f9/12-1-1--1561021754.jpg]
[w.ladicdn.com/s700x550/5ce755949a12643929b1b5f9/smoothie-20190921100908.png]
[w.ladicdn.com/s1000x500/5ce755949a12643929b1b5f9/312-20191104025649.png]
[w.ladicdn.com/s1000x550/5ce755949a12643929b1b5f9/313-20191104030753.png]
[w.ladicdn.com/s700x550/5ce755949a12643929b1b5f9/12-1-1--1561021754.jpg]
[w.ladicdn.com/s750x400/5ce755949a12643929b1b5f9/312-20191104025649.png]
[w.ladicdn.com/s750x450/5ce755949a12643929b1b5f9/3112-20191104020741.png]
[w.ladicdn.com/s700x450/5ce755949a12643929b1b5f9/313-20191104030753.png]
[www.smoothiediet.online/join.html]
[w.ladicdn.com/s750x550/5ce755949a12643929b1b5f9/134-20191104032349.png]
[w.ladicdn.com/s1000x700/5ce755949a12643929b1b5f9/134-20191104032349.png]
[w.ladicdn.com/v2/source/ladipage.min0678.css]
[www.smoothiediet.online/demopage.me]
[www.smoothiediet.online/demopage.me]
